<?xml version="1.0" encoding="UTF-8"?>
<testsuite name="Cucumber" time="26.988" tests="1" skipped="0" failures="1" errors="0">
<testcase classname="DeepLink Check" name="When you click the Instagram link (https://go.ab180.co/8vpfwh), check if it moves to the store (ablog)." time="26.885">
<failure type="org.openqa.selenium.StaleElementReferenceException" message="androidx.test.uiautomator.StaleObjectException
For documentation on this error, please visit: https://www.selenium.dev/documentation/webdriver/troubleshooting/errors#stale-element-reference-exception
Build info: version: '4.12.0', revision: '249f2a7d1b*'
System info: os.name: 'Windows 10', os.arch: 'amd64', os.version: '10.0', java.version: '17.0.12'
Driver info: io.appium.java_client.android.AndroidDriver
Command: [236a0ca4-4888-4314-8f54-dc42c74debd6, isElementDisplayed {id=00000000-0000-154f-ffff-ffff00000346}]
Capabilities {appium:appActivity: com.instagram.mainactivity...., appium:appPackage: com.instagram.android, appium:autoLaunch: true, appium:automationName: UiAutomator2, appium:databaseEnabled: false, appium:desired: {appActivity: com.instagram.mainactivity...., appPackage: com.instagram.android, autoLaunch: true, automationName: UiAutomator2, deviceName: 276b7a4df4217ece, ignoreHiddenApiPolicyError: true, noReset: true, platformName: ANDROID}, appium:deviceApiLevel: 29, appium:deviceManufacturer: samsung, appium:deviceModel: SM-N960N, appium:deviceName: 276b7a4df4217ece, appium:deviceScreenDensity: 420, appium:deviceScreenSize: 1080x2220, appium:deviceUDID: 276b7a4df4217ece, appium:ignoreHiddenApiPolicyError: true, appium:javascriptEnabled: true, appium:locationContextEnabled: false, appium:networkConnectionEnabled: true, appium:noReset: true, appium:pixelRatio: 2.625, appium:platformVersion: 10, appium:statBarHeight: 63, appium:takesScreenshot: true, appium:viewportRect: {height: 2157, left: 0, top: 63, width: 1080}, appium:warnings: {}, appium:webStorageEnabled: false, platformName: ANDROID}
Element: [[AndroidDriver:  on ANDROID (236a0ca4-4888-4314-8f54-dc42c74debd6)] -&gt; id: links_text_cell]
Session ID: 236a0ca4-4888-4314-8f54-dc42c74debd6">
<![CDATA[org.openqa.selenium.StaleElementReferenceException: androidx.test.uiautomator.StaleObjectException
For documentation on this error, please visit: https://www.selenium.dev/documentation/webdriver/troubleshooting/errors#stale-element-reference-exception
Build info: version: '4.12.0', revision: '249f2a7d1b*'
System info: os.name: 'Windows 10', os.arch: 'amd64', os.version: '10.0', java.version: '17.0.12'
Driver info: io.appium.java_client.android.AndroidDriver
Command: [236a0ca4-4888-4314-8f54-dc42c74debd6, isElementDisplayed {id=00000000-0000-154f-ffff-ffff00000346}]
Capabilities {appium:appActivity: com.instagram.mainactivity...., appium:appPackage: com.instagram.android, appium:autoLaunch: true, appium:automationName: UiAutomator2, appium:databaseEnabled: false, appium:desired: {appActivity: com.instagram.mainactivity...., appPackage: com.instagram.android, autoLaunch: true, automationName: UiAutomator2, deviceName: 276b7a4df4217ece, ignoreHiddenApiPolicyError: true, noReset: true, platformName: ANDROID}, appium:deviceApiLevel: 29, appium:deviceManufacturer: samsung, appium:deviceModel: SM-N960N, appium:deviceName: 276b7a4df4217ece, appium:deviceScreenDensity: 420, appium:deviceScreenSize: 1080x2220, appium:deviceUDID: 276b7a4df4217ece, appium:ignoreHiddenApiPolicyError: true, appium:javascriptEnabled: true, appium:locationContextEnabled: false, appium:networkConnectionEnabled: true, appium:noReset: true, appium:pixelRatio: 2.625, appium:platformVersion: 10, appium:statBarHeight: 63, appium:takesScreenshot: true, appium:viewportRect: {height: 2157, left: 0, top: 63, width: 1080}, appium:warnings: {}, appium:webStorageEnabled: false, platformName: ANDROID}
Element: [[AndroidDriver:  on ANDROID (236a0ca4-4888-4314-8f54-dc42c74debd6)] -> id: links_text_cell]
Session ID: 236a0ca4-4888-4314-8f54-dc42c74debd6
	at java.base/jdk.internal.reflect.NativeConstructorAccessorImpl.newInstance0(Native Method)
	at java.base/jdk.internal.reflect.NativeConstructorAccessorImpl.newInstance(NativeConstructorAccessorImpl.java:77)
	at java.base/jdk.internal.reflect.DelegatingConstructorAccessorImpl.newInstance(DelegatingConstructorAccessorImpl.java:45)
	at java.base/java.lang.reflect.Constructor.newInstanceWithCaller(Constructor.java:499)
	at java.base/java.lang.reflect.Constructor.newInstance(Constructor.java:480)
	at org.openqa.selenium.remote.codec.w3c.W3CHttpResponseCodec.createException(W3CHttpResponseCodec.java:200)
	at org.openqa.selenium.remote.codec.w3c.W3CHttpResponseCodec.decode(W3CHttpResponseCodec.java:133)
	at org.openqa.selenium.remote.codec.w3c.W3CHttpResponseCodec.decode(W3CHttpResponseCodec.java:52)
	at org.openqa.selenium.remote.HttpCommandExecutor.execute(HttpCommandExecutor.java:191)
	at io.appium.java_client.remote.AppiumCommandExecutor.execute(AppiumCommandExecutor.java:250)
	at org.openqa.selenium.remote.RemoteWebDriver.execute(RemoteWebDriver.java:602)
	at org.openqa.selenium.remote.RemoteWebElement.execute(RemoteWebElement.java:224)
	at org.openqa.selenium.remote.RemoteWebElement.isDisplayed(RemoteWebElement.java:283)
	at java.base/jdk.internal.reflect.NativeMethodAccessorImpl.invoke0(Native Method)
	at java.base/jdk.internal.reflect.NativeMethodAccessorImpl.invoke(NativeMethodAccessorImpl.java:77)
	at java.base/jdk.internal.reflect.DelegatingMethodAccessorImpl.invoke(DelegatingMethodAccessorImpl.java:43)
	at java.base/java.lang.reflect.Method.invoke(Method.java:568)
	at org.openqa.selenium.support.pagefactory.internal.LocatingElementHandler.invoke(LocatingElementHandler.java:51)
	at jdk.proxy2/jdk.proxy2.$Proxy22.isDisplayed(Unknown Source)
	at org.openqa.selenium.support.ui.ExpectedConditions.elementIfVisible(ExpectedConditions.java:304)
	at org.openqa.selenium.support.ui.ExpectedConditions.access$000(ExpectedConditions.java:37)
	at org.openqa.selenium.support.ui.ExpectedConditions$10.apply(ExpectedConditions.java:290)
	at org.openqa.selenium.support.ui.ExpectedConditions$10.apply(ExpectedConditions.java:287)
	at org.openqa.selenium.support.ui.FluentWait.until(FluentWait.java:205)
	at org.example.app.utils.ActionUtils.click(ActionUtils.java:25)
	at org.example.app.pages.ProfilePage.updateProfileLink(ProfilePage.java:48)
	at org.example.app.steps.LoginSteps.addLink(LoginSteps.java:37)
	at ?.Add "https://go.ab180.co/8vpfwh" link to your profile(file:///E:/jihye/potpolio/prac3/app/src/test/resources/features/DeepLink_Check.feature:6)
]]>
</failure>
<system-out><![CDATA[
When Add "https://go.ab180.co/8vpfwh" link to your profile..................failed
And Click on link...........................................................skipped
And Go to external app Continue Click.......................................skipped
Then Go to the App Store and make sure you are directed to the ablog installation page..skipped
]]></system-out>
</testcase>
</testsuite>
